<?xml version="1.0" encoding="utf-8"?><testsuites name="pytest tests"><testsuite name="pytest" errors="0" failures="0" skipped="0" tests="90" time="0.646" timestamp="2026-03-13T18:46:51.007895+00:00" hostname="49fe76c7e200"><testcase classname="packages.tests.unit.test_adapters.TestFakeMagnetometer" name="test_default_values_are_zero" time="0.001" /><testcase classname="packages.tests.unit.test_adapters.TestFakeMagnetometer" name="test_configurable_values" time="0.001" /><testcase classname="packages.tests.unit.test_adapters.TestFakeMagnetometer" name="test_lifecycle_initialize" time="0.000" /><testcase classname="packages.tests.unit.test_adapters.TestFakeMagnetometer" name="test_lifecycle_close" time="0.000" /><testcase classname="packages.tests.unit.test_adapters.TestFakeMagnetometer" name="test_full_lifecycle" time="0.000" /><testcase classname="packages.tests.unit.test_adapters.TestFakeMagnetometer" name="test_returns_magnetic_reading_type" time="0.000" /><testcase classname="packages.tests.unit.test_consumption.TestConsumptionTracker" name="test_initial_consumption_is_zero" time="0.000" /><testcase classname="packages.tests.unit.test_consumption.TestConsumptionTracker" name="test_initial_consumption_with_start_value" time="0.001" /><testcase classname="packages.tests.unit.test_consumption.TestConsumptionTracker" name="test_tick_increments_by_liters_per_tick" time="0.001" /><testcase classname="packages.tests.unit.test_consumption.TestConsumptionTracker" name="test_multiple_ticks" time="0.000" /><testcase classname="packages.tests.unit.test_consumption.TestConsumptionTracker" name="test_set_consumption_to_absolute_value" time="0.000" /><testcase classname="packages.tests.unit.test_consumption.TestConsumptionTracker" name="test_set_consumption_overwrites_ticks" time="0.000" /><testcase classname="packages.tests.unit.test_consumption.TestConsumptionTracker" name="test_reset_to_zero" time="0.000" /><testcase classname="packages.tests.unit.test_consumption.TestConsumptionTracker" name="test_tick_after_set_consumption" time="0.000" /><testcase classname="packages.tests.unit.test_consumption.TestConsumptionTracker" name="test_tick_returns_new_consumption" time="0.000" /><testcase classname="packages.tests.unit.test_gas_counter.TestGasCounterInitialState" name="test_publishes_initial_state" time="0.017" /><testcase classname="packages.tests.unit.test_gas_counter.TestGasCounterInitialState" name="test_consumption_in_initial_state_when_enabled" time="0.002" /><testcase classname="packages.tests.unit.test_gas_counter.TestGasCounterInitialState" name="test_consumption_not_in_state_when_disabled" time="0.004" /><testcase classname="packages.tests.unit.test_gas_counter.TestGasCounterTriggerDetection" name="test_publishes_on_rising_edge" time="0.010" /><testcase classname="packages.tests.unit.test_gas_counter.TestGasCounterTriggerDetection" name="test_publishes_on_falling_edge" time="0.018" /><testcase classname="packages.tests.unit.test_gas_counter.TestGasCounterTriggerDetection" name="test_no_publish_when_no_trigger_event" time="0.054" /><testcase classname="packages.tests.unit.test_gas_counter.TestGasCounterIncrement" name="test_counter_increments_on_rising_edge" time="0.029" /><testcase classname="packages.tests.unit.test_gas_counter.TestGasCounterIncrement" name="test_counter_wraps_at_max" time="0.002" /><testcase classname="packages.tests.unit.test_gas_counter.TestGasCounterIncrement" name="test_counter_modulus_is_0x10000" time="0.001" /><testcase classname="packages.tests.unit.test_gas_counter.TestGasCounterConsumption" name="test_consumption_increments_on_rising_edge" time="0.008" /><testcase classname="packages.tests.unit.test_gas_counter.TestGasCounterCommand" name="test_command_sets_consumption" time="0.010" /><testcase classname="packages.tests.unit.test_gas_counter.TestGasCounterCommand" name="test_command_ignored_when_consumption_disabled" time="0.008" /><testcase classname="packages.tests.unit.test_gas_counter.TestGasCounterCommand" name="test_command_invalid_json_logged" time="0.008" /><testcase classname="packages.tests.unit.test_gas_counter.TestGasCounterErrorHandling" name="test_i2c_error_does_not_crash_loop" time="0.029" /><testcase classname="packages.tests.unit.test_gas_counter.TestGasCounterStatePersistence" name="test_restores_counter_from_saved_state" time="0.002" /><testcase classname="packages.tests.unit.test_gas_counter.TestGasCounterStatePersistence" name="test_restores_consumption_from_saved_state" time="0.002" /><testcase classname="packages.tests.unit.test_gas_counter.TestGasCounterStatePersistence" name="test_saves_state_on_shutdown" time="0.002" /><testcase classname="packages.tests.unit.test_gas_counter.TestGasCounterStatePersistence" name="test_saves_state_after_tick" time="0.007" /><testcase classname="packages.tests.unit.test_gas_counter.TestGasCounterStatePersistence" name="test_saves_state_after_command" time="0.008" /><testcase classname="packages.tests.unit.test_gas_counter.TestGasCounterStatePersistence" name="test_starts_fresh_with_null_store" time="0.002" /><testcase classname="packages.tests.unit.test_gas_counter.TestGasCounterStatePersistence" name="test_full_roundtrip_restart" time="0.008" /><testcase classname="packages.tests.unit.test_magnetometer.TestMagnetometerHandler" name="test_returns_all_axes" time="0.000" /><testcase classname="packages.tests.unit.test_ports.TestMagneticReading" name="test_creation_with_values" time="0.001" /><testcase classname="packages.tests.unit.test_ports.TestMagneticReading" name="test_frozen_immutability" time="0.000" /><testcase classname="packages.tests.unit.test_ports.TestMagneticReading" name="test_equality" time="0.000" /><testcase classname="packages.tests.unit.test_ports.TestMagneticReading" name="test_inequality" time="0.000" /><testcase classname="packages.tests.unit.test_schmitt.TestTriggerState" name="test_has_low_and_high_values" time="0.000" /><testcase classname="packages.tests.unit.test_schmitt.TestTriggerEvent" name="test_rising_edge_detection" time="0.000" /><testcase classname="packages.tests.unit.test_schmitt.TestTriggerEvent" name="test_falling_edge_detection" time="0.000" /><testcase classname="packages.tests.unit.test_schmitt.TestTriggerEvent" name="test_frozen_immutability" time="0.000" /><testcase classname="packages.tests.unit.test_schmitt.TestSchmittTrigger" name="test_initial_state_is_low" time="0.000" /><testcase classname="packages.tests.unit.test_schmitt.TestSchmittTrigger" name="test_no_event_when_in_hysteresis_band" time="0.000" /><testcase classname="packages.tests.unit.test_schmitt.TestSchmittTrigger" name="test_transition_low_to_high" time="0.000" /><testcase classname="packages.tests.unit.test_schmitt.TestSchmittTrigger" name="test_transition_high_to_low" time="0.000" /><testcase classname="packages.tests.unit.test_schmitt.TestSchmittTrigger" name="test_rising_edge_is_true_on_low_to_high" time="0.000" /><testcase classname="packages.tests.unit.test_schmitt.TestSchmittTrigger" name="test_rising_edge_is_false_on_high_to_low" time="0.000" /><testcase classname="packages.tests.unit.test_schmitt.TestSchmittTrigger" name="test_no_event_on_repeated_high" time="0.001" /><testcase classname="packages.tests.unit.test_schmitt.TestSchmittTrigger" name="test_no_event_on_repeated_low" time="0.000" /><testcase classname="packages.tests.unit.test_schmitt.TestSchmittTrigger" name="test_full_cycle" time="0.000" /><testcase classname="packages.tests.unit.test_schmitt.TestSchmittTrigger" name="test_boundary_at_upper_threshold" time="0.000" /><testcase classname="packages.tests.unit.test_schmitt.TestSchmittTrigger" name="test_boundary_above_upper_threshold" time="0.000" /><testcase classname="packages.tests.unit.test_schmitt.TestSchmittTrigger" name="test_boundary_at_lower_threshold" time="0.000" /><testcase classname="packages.tests.unit.test_schmitt.TestSchmittTrigger" name="test_boundary_below_lower_threshold" time="0.001" /><testcase classname="packages.tests.unit.test_schmitt.TestSchmittTrigger" name="test_reset_returns_to_low" time="0.001" /><testcase classname="packages.tests.unit.test_schmitt.TestSchmittTrigger" name="test_reset_from_high_state" time="0.000" /><testcase classname="packages.tests.unit.test_settings.TestGas2MqttSettingsDefaults" name="test_default_i2c_bus" time="0.001" /><testcase classname="packages.tests.unit.test_settings.TestGas2MqttSettingsDefaults" name="test_default_i2c_address" time="0.001" /><testcase classname="packages.tests.unit.test_settings.TestGas2MqttSettingsDefaults" name="test_default_trigger_level" time="0.001" /><testcase classname="packages.tests.unit.test_settings.TestGas2MqttSettingsDefaults" name="test_default_trigger_hysteresis" time="0.001" /><testcase classname="packages.tests.unit.test_settings.TestGas2MqttSettingsDefaults" name="test_default_poll_interval" time="0.001" /><testcase classname="packages.tests.unit.test_settings.TestGas2MqttSettingsDefaults" name="test_default_temperature_interval" time="0.001" /><testcase classname="packages.tests.unit.test_settings.TestGas2MqttSettingsDefaults" name="test_default_temp_calibration" time="0.001" /><testcase classname="packages.tests.unit.test_settings.TestGas2MqttSettingsDefaults" name="test_default_smoothing_tau" time="0.001" /><testcase classname="packages.tests.unit.test_settings.TestGas2MqttSettingsDefaults" name="test_consumption_tracking_disabled_by_default" time="0.001" /><testcase classname="packages.tests.unit.test_settings.TestGas2MqttSettingsDefaults" name="test_default_liters_per_tick" time="0.001" /><testcase classname="packages.tests.unit.test_settings.TestGas2MqttSettingsDefaults" name="test_debug_device_disabled_by_default" time="0.001" /><testcase classname="packages.tests.unit.test_settings.TestGas2MqttSettingsValidation" name="test_i2c_bus_rejects_negative" time="0.001" /><testcase classname="packages.tests.unit.test_settings.TestGas2MqttSettingsValidation" name="test_i2c_bus_accepts_zero" time="0.001" /><testcase classname="packages.tests.unit.test_settings.TestGas2MqttSettingsValidation" name="test_trigger_hysteresis_rejects_negative" time="0.001" /><testcase classname="packages.tests.unit.test_settings.TestGas2MqttSettingsValidation" name="test_trigger_hysteresis_accepts_zero" time="0.001" /><testcase classname="packages.tests.unit.test_settings.TestGas2MqttSettingsValidation" name="test_poll_interval_rejects_zero" time="0.001" /><testcase classname="packages.tests.unit.test_settings.TestGas2MqttSettingsValidation" name="test_poll_interval_rejects_negative" time="0.001" /><testcase classname="packages.tests.unit.test_settings.TestGas2MqttSettingsValidation" name="test_poll_interval_accepts_small_positive" time="0.001" /><testcase classname="packages.tests.unit.test_settings.TestGas2MqttSettingsValidation" name="test_temperature_interval_rejects_zero" time="0.001" /><testcase classname="packages.tests.unit.test_settings.TestGas2MqttSettingsValidation" name="test_smoothing_tau_rejects_zero" time="0.001" /><testcase classname="packages.tests.unit.test_settings.TestGas2MqttSettingsValidation" name="test_smoothing_tau_accepts_small_positive" time="0.001" /><testcase classname="packages.tests.unit.test_settings.TestGas2MqttSettingsValidation" name="test_liters_per_tick_rejects_zero" time="0.001" /><testcase classname="packages.tests.unit.test_temperature.TestTemperaturePipeline" name="test_first_reading_uses_raw_calibrated_value" time="0.001" /><testcase classname="packages.tests.unit.test_temperature.TestTemperaturePipeline" name="test_second_reading_applies_pt1_smoothing" time="0.001" /><testcase classname="packages.tests.unit.test_temperature.TestTemperaturePipeline" name="test_custom_calibration" time="0.001" /><testcase classname="packages.tests.unit.test_temperature.TestTemperaturePipeline" name="test_rounding_to_one_decimal" time="0.001" /><testcase classname="packages.tests.unit.test_temperature.TestTemperaturePipeline" name="test_default_tau_gives_alpha_0_2" time="0.001" /><testcase classname="packages.tests.unit.test_temperature.TestTemperaturePipeline" name="test_handler_produces_calibrated_state" time="0.001" /><testcase classname="packages.tests.unit.test_temperature.TestTemperaturePipeline" name="test_small_tau_minimal_smoothing" time="0.001" /><testcase classname="packages.tests.unit.test_temperature.TestTemperaturePipeline" name="test_new_filter_has_fresh_state" time="0.003" /></testsuite></testsuites>
